This is pdfTeX, Version 3.14159265-2.6-1.40.18 (MiKTeX 2.9.6500 64-bit) (preloaded format=pdflatex 2017.12.22)  31 JAN 2021 20:11
entering extended mode
**./Report.tex
(Report.tex
LaTeX2e <2017-04-15>
Babel <3.15> and hyphenation patterns for 75 language(s) loaded.
("C:\Users\Veronica\AppData\Local\Programs\MiKTeX 2.9\tex/latex\base\report.cls
"
Document Class: report 2019/12/20 v1.4l Standard LaTeX document class
("C:\Users\Veronica\AppData\Local\Programs\MiKTeX 2.9\tex/latex\base\size10.clo
"
File: size10.clo 2019/12/20 v1.4l Standard LaTeX file (size option)
)
\c@part=\count79
\c@chapter=\count80
\c@section=\count81
\c@subsection=\count82
\c@subsubsection=\count83
\c@paragraph=\count84
\c@subparagraph=\count85
\c@figure=\count86
\c@table=\count87
\abovecaptionskip=\skip41
\belowcaptionskip=\skip42
\bibindent=\dimen102
)
("C:\Users\Veronica\AppData\Local\Programs\MiKTeX 2.9\tex/latex\amsmath\amsmath
.sty"
Package: amsmath 2020/01/20 v2.17e AMS math features
\@mathmargin=\skip43

For additional information on amsmath, use the `?' option.

("C:\Users\Veronica\AppData\Local\Programs\MiKTeX 2.9\tex/latex\amsmath\amstext
.sty"
Package: amstext 2000/06/29 v2.01 AMS text

("C:\Users\Veronica\AppData\Local\Programs\MiKTeX 2.9\tex/latex\amsmath\amsgen.
sty"
File: amsgen.sty 1999/11/30 v2.0 generic functions
\@emptytoks=\toks14
\ex@=\dimen103
))
("C:\Users\Veronica\AppData\Local\Programs\MiKTeX 2.9\tex/latex\amsmath\amsbsy.
sty"
Package: amsbsy 1999/11/29 v1.2d Bold Symbols
\pmbraise@=\dimen104
)
("C:\Users\Veronica\AppData\Local\Programs\MiKTeX 2.9\tex/latex\amsmath\amsopn.
sty"
Package: amsopn 2016/03/08 v2.02 operator names
)
\inf@bad=\count88
LaTeX Info: Redefining \frac on input line 227.
\uproot@=\count89
\leftroot@=\count90
LaTeX Info: Redefining \overline on input line 389.
\classnum@=\count91
\DOTSCASE@=\count92
LaTeX Info: Redefining \ldots on input line 486.
LaTeX Info: Redefining \dots on input line 489.
LaTeX Info: Redefining \cdots on input line 610.
\Mathstrutbox@=\box26
\strutbox@=\box27
\big@size=\dimen105
LaTeX Font Info:    Redeclaring font encoding OML on input line 733.
LaTeX Font Info:    Redeclaring font encoding OMS on input line 734.
\macc@depth=\count93
\c@MaxMatrixCols=\count94
\dotsspace@=\muskip10
\c@parentequation=\count95
\dspbrk@lvl=\count96
\tag@help=\toks15
\row@=\count97
\column@=\count98
\maxfields@=\count99
\andhelp@=\toks16
\eqnshift@=\dimen106
\alignsep@=\dimen107
\tagshift@=\dimen108
\tagwidth@=\dimen109
\totwidth@=\dimen110
\lineht@=\dimen111
\@envbody=\toks17
\multlinegap=\skip44
\multlinetaggap=\skip45
\mathdisplay@stack=\toks18
LaTeX Info: Redefining \[ on input line 2859.
LaTeX Info: Redefining \] on input line 2860.
)
("C:\Users\Veronica\AppData\Local\Programs\MiKTeX 2.9\tex/latex\graphics\graphi
cx.sty"
Package: graphicx 2019/11/30 v1.2a Enhanced LaTeX Graphics (DPC,SPQR)

("C:\Users\Veronica\AppData\Local\Programs\MiKTeX 2.9\tex/latex\graphics\keyval
.sty"
Package: keyval 2014/10/28 v1.15 key=value parser (DPC)
\KV@toks@=\toks19
)
("C:\Users\Veronica\AppData\Local\Programs\MiKTeX 2.9\tex/latex\graphics\graphi
cs.sty"
Package: graphics 2019/11/30 v1.4a Standard LaTeX Graphics (DPC,SPQR)

("C:\Users\Veronica\AppData\Local\Programs\MiKTeX 2.9\tex/latex\graphics\trig.s
ty"
Package: trig 2016/01/03 v1.10 sin cos tan (DPC)
)
("C:\Users\Veronica\AppData\Local\Programs\MiKTeX 2.9\tex/latex\graphics-cfg\gr
aphics.cfg"
File: graphics.cfg 2016/06/04 v1.11 sample graphics configuration
)
Package graphics Info: Driver file: pdftex.def on input line 105.

("C:\Users\Veronica\AppData\Local\Programs\MiKTeX 2.9\tex/latex\graphics-def\pd
ftex.def"
File: pdftex.def 2018/01/08 v1.0l Graphics/color driver for pdftex
))
\Gin@req@height=\dimen112
\Gin@req@width=\dimen113
) (Report.aux)
\openout1 = `Report.aux'.

LaTeX Font Info:    Checking defaults for OML/cmm/m/it on input line 11.
LaTeX Font Info:    ... okay on input line 11.
LaTeX Font Info:    Checking defaults for T1/cmr/m/n on input line 11.
LaTeX Font Info:    ... okay on input line 11.
LaTeX Font Info:    Checking defaults for OT1/cmr/m/n on input line 11.
LaTeX Font Info:    ... okay on input line 11.
LaTeX Font Info:    Checking defaults for OMS/cmsy/m/n on input line 11.
LaTeX Font Info:    ... okay on input line 11.
LaTeX Font Info:    Checking defaults for OMX/cmex/m/n on input line 11.
LaTeX Font Info:    ... okay on input line 11.
LaTeX Font Info:    Checking defaults for U/cmr/m/n on input line 11.
LaTeX Font Info:    ... okay on input line 11.

("C:\Users\Veronica\AppData\Local\Programs\MiKTeX 2.9\tex\context\base\mkii\sup
p-pdf.mkii"
[Loading MPS to PDF converter (version 2006.09.02).]
\scratchcounter=\count100
\scratchdimen=\dimen114
\scratchbox=\box28
\nofMPsegments=\count101
\nofMParguments=\count102
\everyMPshowfont=\toks20
\MPscratchCnt=\count103
\MPscratchDim=\dimen115
\MPnumerator=\count104
\makeMPintoPDFobject=\count105
\everyMPtoPDFconversion=\toks21
)
("C:\Users\Veronica\AppData\Local\Programs\MiKTeX 2.9\tex/latex\epstopdf-pkg\ep
stopdf-base.sty"
Package: epstopdf-base 2020-01-24 v2.11 Base part for package epstopdf
Package epstopdf-base Info: Redefining graphics rule for `.eps' on input line 4
85.
) [1

{C:/Users/Veronica/AppData/Local/MiKTeX/2.9/pdftex/config/pdftex.map}] [1]
Chapter 1.
<reinforcement.jpg, id=11, 421.575pt x 162.6075pt>
File: reinforcement.jpg Graphic file (type jpg)
<use reinforcement.jpg>
Package pdftex.def Info: reinforcement.jpg  used on input line 22.
(pdftex.def)             Requested size: 210.78697pt x 81.30354pt.
[1

 <./reinforcement.jpg>]
<fetchpush.png, id=21, 256.5585pt x 185.493pt>
File: fetchpush.png Graphic file (type png)
<use fetchpush.png>
Package pdftex.def Info: fetchpush.png  used on input line 45.
(pdftex.def)             Requested size: 128.27893pt x 92.74626pt.
)
Runaway argument?
{\label {Fig: fetchpush} {FetchPush-v1 Gym environment.} \end {figure\ETC.
! File ended while scanning use of \@xdblarg.
<inserted text> 
                \par 
<*> ./Report.tex
                
I suspect you have forgotten a `}', causing me
to read past where you wanted me to stop.
I'll try to recover; but if the error is serious,
you'd better type `E' or `X' now and fix your file.

! Emergency stop.
<*> ./Report.tex
                
*** (job aborted, no legal \end found)

 
Here is how much of TeX's memory you used:
 1667 strings out of 493312
 21560 string characters out of 3138889
 89785 words of memory out of 3000000
 5236 multiletter control sequences out of 15000+200000
 9975 words of font info for 36 fonts, out of 3000000 for 9000
 1141 hyphenation exceptions out of 8191
 27i,6n,20p,2322b,217s stack positions out of 5000i,500n,10000p,200000b,50000s
!  ==> Fatal error occurred, no output PDF file produced!
